<?xml version="1.0" encoding="utf-8"?><testsuites name="pytest tests"><testsuite name="pytest" errors="0" failures="0" skipped="0" tests="10" time="38.140" timestamp="2026-05-22T09:53:50.678648+00:00" hostname="agent-env-b2254f41-858c-4967-a269-dc342890c877"><testcase classname="backend.tests.test_aptitude_api" name="test_root_brand_message" time="0.221" /><testcase classname="backend.tests.test_aptitude_api" name="test_search_validation_short_query" time="0.053" /><testcase classname="backend.tests.test_aptitude_api" name="test_search_validation_empty_query" time="0.048" /><testcase classname="backend.tests.test_aptitude_api" name="test_search_returns_structured_brief" time="12.366" /><testcase classname="backend.tests.test_aptitude_api" name="test_search_persists_and_listed" time="0.057" /><testcase classname="backend.tests.test_aptitude_api" name="test_oregon_facts_returns_six_facts" time="0.055" /><testcase classname="backend.tests.test_aptitude_api" name="test_actors_empty_pending_dataset" time="0.053" /><testcase classname="backend.tests.test_aptitude_api" name="test_actors_role_filter_judge" time="0.051" /><testcase classname="backend.tests.test_aptitude_api" name="test_search_oregon_focused_query" time="12.982" /><testcase classname="backend.tests.test_aptitude_api" name="test_search_session_continuation" time="12.166" /></testsuite></testsuites>