<?xml version="1.0" encoding="utf-8"?><testsuites name="pytest tests"><testsuite name="pytest" errors="0" failures="0" skipped="0" tests="6" time="21.185" timestamp="2026-05-22T08:25:36.399079+00:00" hostname="agent-env-b2254f41-858c-4967-a269-dc342890c877"><testcase classname="backend.tests.test_aptitude_api" name="test_root_brand_message" time="0.281" /><testcase classname="backend.tests.test_aptitude_api" name="test_search_validation_short_query" time="0.049" /><testcase classname="backend.tests.test_aptitude_api" name="test_search_validation_empty_query" time="0.047" /><testcase classname="backend.tests.test_aptitude_api" name="test_search_returns_structured_brief" time="10.517" /><testcase classname="backend.tests.test_aptitude_api" name="test_search_persists_and_listed" time="0.049" /><testcase classname="backend.tests.test_aptitude_api" name="test_search_session_continuation" time="10.174" /></testsuite></testsuites>